<?xml version="1.0" encoding="UTF-8"?>
<!-- Generated by org.testng.reporters.JUnitReportReporter -->
<testsuite hostname="LAPTOP-NF7HVJ36" failures="0" tests="1" name="com.qa.testscripts.ScrollingUsingJs" time="5.849" errors="0" timestamp="2022-09-30T09:40:54 IST" skipped="0">
  <testcase classname="com.qa.testscripts.ScrollingUsingJs" name="Scrolling" time="5.849"/>
  <system-out/>
</testsuite> <!-- com.qa.testscripts.ScrollingUsingJs -->
