<?xml version="1.0" encoding="UTF-8"?>
<!-- Generated by org.testng.reporters.JUnitReportReporter -->
<testsuite hostname="LAPTOP-NF7HVJ36" failures="0" tests="1" name="encodeanddecode.WithEncodeAndDecode" time="3.674" errors="0" timestamp="2022-10-17T11:15:58 IST" skipped="0">
  <testcase classname="encodeanddecode.WithEncodeAndDecode" name="EncodeAndDecode" time="3.674"/>
  <system-out/>
</testsuite> <!-- encodeanddecode.WithEncodeAndDecode -->
