<?xml version="1.0" encoding="UTF-8"?>
<!-- Generated by org.testng.reporters.JUnitReportReporter -->
<testsuite hostname="LAPTOP-NF7HVJ36" failures="0" tests="1" name="com.qa.testscripts.HandlingCookies" time="8.247" errors="0" timestamp="2022-09-26T10:06:38 IST" skipped="0">
  <testcase classname="com.qa.testscripts.HandlingCookies" name="Cookies" time="8.247"/>
  <system-out/>
</testsuite> <!-- com.qa.testscripts.HandlingCookies -->
